<?xml version="1.0" encoding="UTF-8"?>
<testng-results ignored="0" total="1" passed="1" failed="0" skipped="0">
  <reporter-output>
  </reporter-output>
  <suite started-at="2019-12-20T17:27:07 IST" name="Default suite" finished-at="2019-12-20T17:27:09 IST" duration-ms="2372">
    <groups>
    </groups>
    <test started-at="2019-12-20T17:27:07 IST" name="Default test" finished-at="2019-12-20T17:27:09 IST" duration-ms="2372">
      <class name="TC001_GET_Request">
        <test-method signature="getweatherDetails()[pri:0, instance:TC001_GET_Request@55a561cf]" started-at="2019-12-20T17:27:07 IST" name="getweatherDetails" finished-at="2019-12-20T17:27:09 IST" duration-ms="2321" status="PASS">
          <reporter-output>
          </reporter-output>
        </test-method> <!-- getweatherDetails -->
      </class> <!-- TC001_GET_Request -->
    </test> <!-- Default test -->
  </suite> <!-- Default suite -->
</testng-results>
